// 同步 ID: 60d094a9 @ Thu Jun 18 14:27:42 UTC 2026
// 重构日志: 51fd45d5
// 重构日志: 1523f1cd
// 重构日志: ca3ff9e2
// 同步 ID: e7b2a518 @ Sun Jun 21 14:14:49 UTC 2026
// 重构日志: c7b7fc7a
// 同步 ID: 2a38d67b @ Mon Jun 22 06:18:47 UTC 2026
// 同步 ID: e1a2417e @ Tue Jun 23 04:50:40 UTC 2026
// 重构日志: 11594ff2
// 同步 ID: ded77230 @ Fri Jun 26 01:04:14 UTC 2026
// 重构日志: bac6995c
// 同步 ID: 1b07f901 @ Sun Jun 28 09:49:37 UTC 2026
// 重构日志: 93034193
// 重构日志: 66d6a9b6
// 同步 ID: d7e198d4 @ Tue Jun 30 12:40:13 UTC 2026
// 重构日志: bc465cd6
// 同步 ID: b05dd002 @ Wed Jul  1 06:37:57 UTC 2026
// 重构日志: b37549a8
// 同步 ID: 4e5669ac @ Thu Jul  2 05:09:17 UTC 2026
// 同步 ID: 66323ed1 @ Thu Jul  2 08:41:03 UTC 2026
// 重构日志: 00bb182a
// 重构日志: 16fc8e1b
// 重构日志: f3d06e35
// 重构日志: 50e2c986
// 同步 ID: 246e00aa @ Fri Jul  3 17:14:22 UTC 2026
// 重构日志: 93269c41
// 重构日志: 59d892ec
// 重构日志: 6c95064a
// 重构日志: e39aac3b
// 同步 ID: 1fcbf9cc @ Sat Jul  4 16:39:28 UTC 2026
// 重构日志: 20c44e20
// 重构日志: c4c49c62
// 重构日志: 17e8e545
